<?xml version="1.0" encoding="UTF-8"?>
<!-- Generated by org.testng.reporters.JUnitXMLReporter -->
<testsuite ignored="2" hostname="DESKTOP-LDVN3B6" failures="0" tests="0" time="0.013" errors="0" timestamp="2024-06-03T19:00:15 IST">
  <testcase classname="ankit.ErrorValidations" name="LoginErrorValidation" time="0.0">
    <ignored/>
  </testcase> <!-- LoginErrorValidation -->
  <testcase classname="ankit.ErrorValidations" name="productErrorValidation" time="0.0">
    <ignored/>
  </testcase> <!-- productErrorValidation -->
</testsuite>
